e:\3d workspace\distrib\release\vc142.pdb
e:\3d workspace\distrib\release\vector4f.obj
e:\3d workspace\distrib\release\vector3f.obj
e:\3d workspace\distrib\release\vector2f.obj
e:\3d workspace\distrib\release\quat4f.obj
e:\3d workspace\distrib\release\matrix4f.obj
e:\3d workspace\distrib\release\matrix3f.obj
e:\3d workspace\distrib\release\matrix2f.obj
e:\3d workspace\distrib\release\texture.obj
e:\3d workspace\distrib\release\mesh.obj
e:\3d workspace\distrib\release\main.obj
e:\3d workspace\distrib\release\image.obj
e:\3d workspace\distrib\release\sceneparser.obj
e:\3d workspace\distrib\release\raytracer.obj
e:\3d workspace\distrib\release\perlinnoise.obj
e:\3d workspace\distrib\release\octree.obj
e:\3d workspace\distrib\release\noise.obj
e:\3d workspace\distrib\release\material.obj
e:\3d workspace\distrib\release\cubemap.obj
e:\3d workspace\distrib\release\camera.obj
e:\3d workspace\distrib\release\glad.obj
e:\3d workspace\distrib\release\a4.exe
e:\3d workspace\distrib\release\a4.pdb
e:\3d workspace\distrib\release\a4.tlog\cl.command.1.tlog
e:\3d workspace\distrib\release\a4.tlog\cl.read.1.tlog
e:\3d workspace\distrib\release\a4.tlog\cl.write.1.tlog
e:\3d workspace\distrib\release\a4.tlog\link.command.1.tlog
e:\3d workspace\distrib\release\a4.tlog\link.read.1.tlog
e:\3d workspace\distrib\release\a4.tlog\link.write.1.tlog
